2020-09-29 22:27:01.499266
Pexels
category: road
per_page: 39
Mobile(25) | Square(0) | Desktop(14)
3604268: https://images.pexels.com/photos/3604268/pexels-photo-3604268.jpeg

2020-09-29 23:00:01.773071
Pexels
category: cottage
per_page: 72
Mobile(35) | Square(1) | Desktop(36)
3689772: https://images.pexels.com/photos/3689772/pexels-photo-3689772.jpeg

2020-09-30 00:00:01.256983
Unsplash
category: travel
jk8rarn6lmw: https://images.unsplash.com/photo-1446160657592-4782fb76fb99?ixlib=rb-1.2.1&q=85&fm=jpg&crop=entropy&cs=srgb&ixid=eyJhcHBfaWQiOjE1NTQ4NX0

2020-09-30 01:00:02.041971
Unsplash
category: mountain
PaD_I9YBLGU: https://images.unsplash.com/photo-1545394752-435e18743cae?ixlib=rb-1.2.1&q=85&fm=jpg&crop=entropy&cs=srgb&ixid=eyJhcHBfaWQiOjE1NTQ4NX0

2020-09-30 02:00:01.472362
Unsplash
category: aerial
pSYe9dAFXVg: https://images.unsplash.com/photo-1519120987708-2685e2555c8e?ixlib=rb-1.2.1&q=85&fm=jpg&crop=entropy&cs=srgb&ixid=eyJhcHBfaWQiOjE1NTQ4NX0

2020-09-30 03:00:01.442221
Pexels
category: car
per_page: 44
Mobile(13) | Square(0) | Desktop(31)
3354648: https://images.pexels.com/photos/3354648/pexels-photo-3354648.jpeg

2020-09-30 04:00:01.752096
Pexels
category: rain
per_page: 62
Mobile(32) | Square(2) | Desktop(28)
1529360: https://images.pexels.com/photos/1529360/pexels-photo-1529360.jpeg

2020-09-30 05:00:01.123535
Pexels
category: space
per_page: 35
Mobile(9) | Square(4) | Desktop(22)
5439: https://images.pexels.com/photos/5439/earth-space.jpg

2020-09-30 06:00:01.355635
Pexels
category: dock
per_page: 51
Mobile(10) | Square(0) | Desktop(41)
340566: https://images.pexels.com/photos/340566/pexels-photo-340566.jpeg

2020-09-30 07:00:01.250906
Pexels
category: car
per_page: 46
Mobile(15) | Square(0) | Desktop(31)
3136673: https://images.pexels.com/photos/3136673/pexels-photo-3136673.jpeg

2020-09-30 08:00:01.637934
Unsplash
category: city
H-SrtGutOdk: https://images.unsplash.com/photo-1601053136011-999de6a25400?ixlib=rb-1.2.1&q=85&fm=jpg&crop=entropy&cs=srgb&ixid=eyJhcHBfaWQiOjE1NTQ4NX0

2020-09-30 09:00:01.721741
Pexels
category: japan
per_page: 66
Mobile(13) | Square(2) | Desktop(51)
2338113: https://images.pexels.com/photos/2338113/pexels-photo-2338113.jpeg

2020-09-30 10:00:01.499903
Unsplash
category: building
J6Atq83sBho: https://images.unsplash.com/photo-1557924297-2b08cfdbb459?ixlib=rb-1.2.1&q=85&fm=jpg&crop=entropy&cs=srgb&ixid=eyJhcHBfaWQiOjE1NTQ4NX0

2020-09-30 11:00:01.684222
Unsplash
category: cabin
A89mU6WPh6Y: https://images.unsplash.com/photo-1575370378730-4e9d0acd572a?ixlib=rb-1.2.1&q=85&fm=jpg&crop=entropy&cs=srgb&ixid=eyJhcHBfaWQiOjE1NTQ4NX0

2020-09-30 12:00:01.641016
Pexels
category: italy
per_page: 75
Mobile(26) | Square(0) | Desktop(49)
970519: https://images.pexels.com/photos/970519/pexels-photo-970519.jpeg

2020-09-30 13:00:02.011387
Unsplash
category: dock
mALCDVJJ44c: https://images.unsplash.com/photo-1491957950207-4e4feccb858d?ixlib=rb-1.2.1&q=85&fm=jpg&crop=entropy&cs=srgb&ixid=eyJhcHBfaWQiOjE1NTQ4NX0

2020-09-30 14:00:02.097868
Unsplash
category: beach
sGXkVOj5DtM: https://images.unsplash.com/photo-1599484233778-5bdc6b69bbe3?ixlib=rb-1.2.1&q=85&fm=jpg&crop=entropy&cs=srgb&ixid=eyJhcHBfaWQiOjE1NTQ4NX0

2020-09-30 15:00:01.485342
Unsplash
category: sea
yjMRXp0P4cs: https://images.unsplash.com/photo-1565700441989-a451a5ec174b?ixlib=rb-1.2.1&q=85&fm=jpg&crop=entropy&cs=srgb&ixid=eyJhcHBfaWQiOjE1NTQ4NX0

2020-09-30 16:00:01.448526
Pexels
category: jungle
per_page: 52
Mobile(24) | Square(0) | Desktop(28)
904778: https://images.pexels.com/photos/904778/pexels-photo-904778.jpeg

2020-09-30 17:00:01.966263
Pexels
category: trees
per_page: 39
Mobile(21) | Square(0) | Desktop(18)
240040: https://images.pexels.com/photos/240040/pexels-photo-240040.jpeg

2020-09-30 18:00:01.934498
Pexels
category: city
per_page: 77
Mobile(34) | Square(0) | Desktop(43)
373912: https://images.pexels.com/photos/373912/pexels-photo-373912.jpeg

2020-09-30 19:00:01.599616
Pexels
category: sky
per_page: 39
Mobile(30) | Square(0) | Desktop(9)
844297: https://images.pexels.com/photos/844297/pexels-photo-844297.jpeg

2020-09-30 20:00:01.893465
Unsplash
category: winter
Y_n0UcnWZYU: https://images.unsplash.com/photo-1601311921948-e003a4b1afed?ixlib=rb-1.2.1&q=85&fm=jpg&crop=entropy&cs=srgb&ixid=eyJhcHBfaWQiOjE1NTQ4NX0

2020-09-30 21:00:03.305825
Pexels
category: nature
per_page: 35
Mobile(24) | Square(0) | Desktop(11)
3536511: https://images.pexels.com/photos/3536511/pexels-photo-3536511.jpeg

2020-09-30 22:00:01.668054
Pexels
category: abstract
per_page: 76
Mobile(36) | Square(1) | Desktop(39)
2317742: https://images.pexels.com/photos/2317742/pexels-photo-2317742.jpeg

2020-09-30 23:00:02.333382
Unsplash
category: trees
xFSR9qTQEs4: https://images.unsplash.com/photo-1475443779560-6895af76c94f?ixlib=rb-1.2.1&q=85&fm=jpg&crop=entropy&cs=srgb&ixid=eyJhcHBfaWQiOjE1NTQ4NX0

2020-10-01 00:00:01.729123
Unsplash
category: trees
uYZw8l4kd1Q: https://images.unsplash.com/photo-1495927111632-5c7520ed35e9?ixlib=rb-1.2.1&q=85&fm=jpg&crop=entropy&cs=srgb&ixid=eyJhcHBfaWQiOjE1NTQ4NX0

2020-10-01 01:00:01.675174
Unsplash
category: fog
i5AHzBFppe4: https://images.unsplash.com/photo-1574053688688-814e6772c420?ixlib=rb-1.2.1&q=85&fm=jpg&crop=entropy&cs=srgb&ixid=eyJhcHBfaWQiOjE1NTQ4NX0

2020-10-01 02:00:01.190964
Pexels
category: lake house
per_page: 10
Mobile(3) | Square(0) | Desktop(7)
3817790: https://images.pexels.com/photos/3817790/pexels-photo-3817790.jpeg

2020-10-01 03:00:01.356670
Pexels
category: bonfire
per_page: 66
Mobile(31) | Square(2) | Desktop(33)
270815: https://images.pexels.com/photos/270815/pexels-photo-270815.jpeg

2020-10-01 04:00:01.967952
Pexels
category: sky
per_page: 37
Mobile(29) | Square(0) | Desktop(8)
3274903: https://images.pexels.com/photos/3274903/pexels-photo-3274903.jpeg

2020-10-01 05:00:01.252364
Pexels
category: beach
per_page: 19
Mobile(9) | Square(0) | Desktop(10)
1549196: https://images.pexels.com/photos/1549196/pexels-photo-1549196.jpeg

2020-10-01 06:00:01.997465
Pexels
category: ruins
per_page: 64
Mobile(33) | Square(0) | Desktop(31)
983713: https://images.pexels.com/photos/983713/pexels-photo-983713.jpeg

2020-10-01 07:00:02.046326
Pexels
category: greece
per_page: 32
Mobile(8) | Square(1) | Desktop(23)
1029007: https://images.pexels.com/photos/1029007/pexels-photo-1029007.jpeg

2020-10-01 08:00:01.706081
Unsplash
category: paradise
Spwz0yWx5OA: https://images.unsplash.com/photo-1542130875-b759edb1e1a1?ixlib=rb-1.2.1&q=85&fm=jpg&crop=entropy&cs=srgb&ixid=eyJhcHBfaWQiOjE1NTQ4NX0

2020-10-01 09:00:01.642815
Unsplash
category: tropical
Traceback (most recent call last):
  File "/usr/local/lib/python3.6/dist-packages/urllib3/connection.py", line 160, in _new_conn
    (self._dns_host, self.port), self.timeout, **extra_kw
  File "/usr/local/lib/python3.6/dist-packages/urllib3/util/connection.py", line 84, in create_connection
    raise err
  File "/usr/local/lib/python3.6/dist-packages/urllib3/util/connection.py", line 74, in create_connection
    sock.connect(sa)
OSError: [Errno 113] No route to host

During handling of the above exception, another exception occurred:

Traceback (most recent call last):
  File "/usr/local/lib/python3.6/dist-packages/urllib3/connectionpool.py", line 677, in urlopen
    chunked=chunked,
  File "/usr/local/lib/python3.6/dist-packages/urllib3/connectionpool.py", line 381, in _make_request
    self._validate_conn(conn)
  File "/usr/local/lib/python3.6/dist-packages/urllib3/connectionpool.py", line 976, in _validate_conn
    conn.connect()
  File "/usr/local/lib/python3.6/dist-packages/urllib3/connection.py", line 308, in connect
    conn = self._new_conn()
  File "/usr/local/lib/python3.6/dist-packages/urllib3/connection.py", line 172, in _new_conn
    self, "Failed to establish a new connection: %s" % e
urllib3.exceptions.NewConnectionError: <urllib3.connection.HTTPSConnection object at 0x7ff4fa337cf8>: Failed to establish a new connection: [Errno 113] No route to host

During handling of the above exception, another exception occurred:

Traceback (most recent call last):
  File "/usr/local/lib/python3.6/dist-packages/requests/adapters.py", line 449, in send
    timeout=timeout
  File "/usr/local/lib/python3.6/dist-packages/urllib3/connectionpool.py", line 725, in urlopen
    method, url, error=e, _pool=self, _stacktrace=sys.exc_info()[2]
  File "/usr/local/lib/python3.6/dist-packages/urllib3/util/retry.py", line 439, in increment
    raise MaxRetryError(_pool, url, error or ResponseError(cause))
urllib3.exceptions.MaxRetryError: HTTPSConnectionPool(host='api.unsplash.com', port=443): Max retries exceeded with url: /photos/random?query=tropical&orientation=landscape (Caused by NewConnectionError('<urllib3.connection.HTTPSConnection object at 0x7ff4fa337cf8>: Failed to establish a new connection: [Errno 113] No route to host',))

During handling of the above exception, another exception occurred:

Traceback (most recent call last):
  File "wallpaper.py", line 23, in <module>
    wallpaper_unsplash.get_wallpapers(wallpaper_unsplash.get_data())
  File "/home/ninkuk/PythonProjects/Wallpaper_Automation/wallpaper_unsplash.py", line 22, in get_data
    params=params
  File "/usr/local/lib/python3.6/dist-packages/requests/api.py", line 76, in get
    return request('get', url, params=params, **kwargs)
  File "/usr/local/lib/python3.6/dist-packages/requests/api.py", line 61, in request
    return session.request(method=method, url=url, **kwargs)
  File "/usr/local/lib/python3.6/dist-packages/requests/sessions.py", line 530, in request
    resp = self.send(prep, **send_kwargs)
  File "/usr/local/lib/python3.6/dist-packages/requests/sessions.py", line 643, in send
    r = adapter.send(request, **kwargs)
  File "/usr/local/lib/python3.6/dist-packages/requests/adapters.py", line 516, in send
    raise ConnectionError(e, request=request)
requests.exceptions.ConnectionError: HTTPSConnectionPool(host='api.unsplash.com', port=443): Max retries exceeded with url: /photos/random?query=tropical&orientation=landscape (Caused by NewConnectionError('<urllib3.connection.HTTPSConnection object at 0x7ff4fa337cf8>: Failed to establish a new connection: [Errno 113] No route to host',))
2020-10-01 10:00:01.593282
Pexels
category: winter
per_page: 71
Mobile(8) | Square(0) | Desktop(63)
1004665: https://images.pexels.com/photos/1004665/pexels-photo-1004665.jpeg

2020-10-01 11:00:01.295434
Pexels
category: sky
per_page: 80
Mobile(47) | Square(0) | Desktop(33)
844297: https://images.pexels.com/photos/844297/pexels-photo-844297.jpeg

2020-10-01 12:00:01.756389
Pexels
category: space
per_page: 15
Mobile(6) | Square(1) | Desktop(8)
4355348: https://images.pexels.com/photos/4355348/pexels-photo-4355348.jpeg

2020-10-01 13:00:02.016465
Unsplash
category: drone
4x-67z_TaGo: https://images.unsplash.com/photo-1526406915894-7bcd65f60845?ixlib=rb-1.2.1&q=85&fm=jpg&crop=entropy&cs=srgb&ixid=eyJhcHBfaWQiOjE1NTQ4NX0

2020-10-01 14:00:01.883047
Pexels
category: island
per_page: 47
Mobile(14) | Square(0) | Desktop(33)
853199: https://images.pexels.com/photos/853199/pexels-photo-853199.jpeg

2020-10-01 15:00:01.882333
Pexels
category: ocean
per_page: 46
Mobile(29) | Square(0) | Desktop(17)
3046629: https://images.pexels.com/photos/3046629/pexels-photo-3046629.jpeg

2020-10-01 16:00:01.425195
Pexels
category: thailand
per_page: 23
Mobile(3) | Square(0) | Desktop(20)
733047: https://images.pexels.com/photos/733047/pexels-photo-733047.jpeg

2020-10-01 17:00:01.284513
Unsplash
category: aerial
mawU2PoJWfU: https://images.unsplash.com/photo-1497436072909-60f360e1d4b1?ixlib=rb-1.2.1&q=85&fm=jpg&crop=entropy&cs=srgb&ixid=eyJhcHBfaWQiOjE1NTQ4NX0

2020-10-01 18:00:03.686719
Pexels
category: mountain
per_page: 10
Mobile(7) | Square(0) | Desktop(3)
2335126: https://images.pexels.com/photos/2335126/pexels-photo-2335126.jpeg

2020-10-01 19:00:03.965965
Pexels
category: cars
per_page: 50
Mobile(14) | Square(0) | Desktop(36)
936074: https://images.pexels.com/photos/936074/pexels-photo-936074.jpeg

2020-10-01 20:00:02.979925
Unsplash
category: sakura
tySKLpyWxyQ: https://images.unsplash.com/photo-1524910750506-f1276f9e5663?ixlib=rb-1.2.1&q=85&fm=jpg&crop=entropy&cs=srgb&ixid=eyJhcHBfaWQiOjE1NTQ4NX0

2020-10-01 21:00:04.724914
Unsplash
category: tropical
Traceback (most recent call last):
  File "/usr/local/lib/python3.6/dist-packages/urllib3/connection.py", line 160, in _new_conn
    (self._dns_host, self.port), self.timeout, **extra_kw
  File "/usr/local/lib/python3.6/dist-packages/urllib3/util/connection.py", line 84, in create_connection
    raise err
  File "/usr/local/lib/python3.6/dist-packages/urllib3/util/connection.py", line 74, in create_connection
    sock.connect(sa)
OSError: [Errno 113] No route to host

During handling of the above exception, another exception occurred:

Traceback (most recent call last):
  File "/usr/local/lib/python3.6/dist-packages/urllib3/connectionpool.py", line 677, in urlopen
    chunked=chunked,
  File "/usr/local/lib/python3.6/dist-packages/urllib3/connectionpool.py", line 381, in _make_request
    self._validate_conn(conn)
  File "/usr/local/lib/python3.6/dist-packages/urllib3/connectionpool.py", line 976, in _validate_conn
    conn.connect()
  File "/usr/local/lib/python3.6/dist-packages/urllib3/connection.py", line 308, in connect
    conn = self._new_conn()
  File "/usr/local/lib/python3.6/dist-packages/urllib3/connection.py", line 172, in _new_conn
    self, "Failed to establish a new connection: %s" % e
urllib3.exceptions.NewConnectionError: <urllib3.connection.HTTPSConnection object at 0x7fd0447e2cf8>: Failed to establish a new connection: [Errno 113] No route to host

During handling of the above exception, another exception occurred:

Traceback (most recent call last):
  File "/usr/local/lib/python3.6/dist-packages/requests/adapters.py", line 449, in send
    timeout=timeout
  File "/usr/local/lib/python3.6/dist-packages/urllib3/connectionpool.py", line 725, in urlopen
    method, url, error=e, _pool=self, _stacktrace=sys.exc_info()[2]
  File "/usr/local/lib/python3.6/dist-packages/urllib3/util/retry.py", line 439, in increment
    raise MaxRetryError(_pool, url, error or ResponseError(cause))
urllib3.exceptions.MaxRetryError: HTTPSConnectionPool(host='api.unsplash.com', port=443): Max retries exceeded with url: /photos/random?query=tropical&orientation=landscape (Caused by NewConnectionError('<urllib3.connection.HTTPSConnection object at 0x7fd0447e2cf8>: Failed to establish a new connection: [Errno 113] No route to host',))

During handling of the above exception, another exception occurred:

Traceback (most recent call last):
  File "wallpaper.py", line 23, in <module>
    wallpaper_unsplash.get_wallpapers(wallpaper_unsplash.get_data())
  File "/home/ninkuk/PythonProjects/Wallpaper_Automation/wallpaper_unsplash.py", line 22, in get_data
    params=params
  File "/usr/local/lib/python3.6/dist-packages/requests/api.py", line 76, in get
    return request('get', url, params=params, **kwargs)
  File "/usr/local/lib/python3.6/dist-packages/requests/api.py", line 61, in request
    return session.request(method=method, url=url, **kwargs)
  File "/usr/local/lib/python3.6/dist-packages/requests/sessions.py", line 530, in request
    resp = self.send(prep, **send_kwargs)
  File "/usr/local/lib/python3.6/dist-packages/requests/sessions.py", line 643, in send
    r = adapter.send(request, **kwargs)
  File "/usr/local/lib/python3.6/dist-packages/requests/adapters.py", line 516, in send
    raise ConnectionError(e, request=request)
requests.exceptions.ConnectionError: HTTPSConnectionPool(host='api.unsplash.com', port=443): Max retries exceeded with url: /photos/random?query=tropical&orientation=landscape (Caused by NewConnectionError('<urllib3.connection.HTTPSConnection object at 0x7fd0447e2cf8>: Failed to establish a new connection: [Errno 113] No route to host',))
2020-10-01 22:00:01.994682
Pexels
category: campfire
per_page: 41
Mobile(22) | Square(1) | Desktop(18)
1629159: https://images.pexels.com/photos/1629159/pexels-photo-1629159.jpeg

2020-10-01 23:00:01.516892
Pexels
category: fog
per_page: 62
Mobile(24) | Square(0) | Desktop(38)
1323550: https://images.pexels.com/photos/1323550/pexels-photo-1323550.jpeg

2020-10-02 00:00:01.528709
Pexels
category: urban
per_page: 47
Mobile(12) | Square(0) | Desktop(35)
936800: https://images.pexels.com/photos/936800/pexels-photo-936800.jpeg

2020-10-02 01:00:02.327197
Pexels
category: lake house
per_page: 30
Mobile(9) | Square(1) | Desktop(20)
3817790: https://images.pexels.com/photos/3817790/pexels-photo-3817790.jpeg

2020-10-02 02:00:01.225478
Unsplash
category: trees
C-mxLOk6ANs: https://images.unsplash.com/photo-1449614115178-cb924f730780?ixlib=rb-1.2.1&q=85&fm=jpg&crop=entropy&cs=srgb&ixid=eyJhcHBfaWQiOjE1NTQ4NX0

2020-10-02 03:00:01.608419
Pexels
category: tropical
per_page: 64
Mobile(27) | Square(1) | Desktop(36)
1726310: https://images.pexels.com/photos/1726310/pexels-photo-1726310.jpeg

2020-10-02 04:00:01.674897
Unsplash
category: autumn
1Z_y8LNEdPA: https://images.unsplash.com/photo-1516282956990-53c26a041063?ixlib=rb-1.2.1&q=85&fm=jpg&crop=entropy&cs=srgb&ixid=eyJhcHBfaWQiOjE1NTQ4NX0

2020-10-02 05:00:01.197460
Unsplash
category: outdoors
ROAODzp0SGE: https://images.unsplash.com/photo-1561760041-f446e77d0885?ixlib=rb-1.2.1&q=85&fm=jpg&crop=entropy&cs=srgb&ixid=eyJhcHBfaWQiOjE1NTQ4NX0

2020-10-02 06:00:01.568875
Unsplash
category: asia
dg4AfLITDH8: https://images.unsplash.com/photo-1508859934611-c38d06713d83?ixlib=rb-1.2.1&q=85&fm=jpg&crop=entropy&cs=srgb&ixid=eyJhcHBfaWQiOjE1NTQ4NX0

2020-10-02 07:00:01.129294
Pexels
category: beach
per_page: 54
Mobile(33) | Square(0) | Desktop(21)
1300526: https://images.pexels.com/photos/1300526/pexels-photo-1300526.jpeg

2020-10-02 08:00:01.138499
Pexels
category: campfire
per_page: 31
Mobile(16) | Square(1) | Desktop(14)
1703317: https://images.pexels.com/photos/1703317/pexels-photo-1703317.jpeg

2020-10-02 09:00:01.697267
Pexels
category: cottage
per_page: 65
Mobile(29) | Square(1) | Desktop(35)
3932766: https://images.pexels.com/photos/3932766/pexels-photo-3932766.jpeg

2020-10-02 10:00:02.010023
Unsplash
category: asia
2xJqep3F02A: https://images.unsplash.com/photo-1558438542-f6da3bf7d8f0?ixlib=rb-1.2.1&q=85&fm=jpg&crop=entropy&cs=srgb&ixid=eyJhcHBfaWQiOjE1NTQ4NX0

2020-10-02 11:00:04.208025
Pexels
category: austria
per_page: 40
Mobile(13) | Square(3) | Desktop(24)
161074: https://images.pexels.com/photos/161074/vienna-st-charles-s-church-downtown-church-161074.jpeg

2020-10-02 12:00:01.959197
Pexels
category: italy
per_page: 59
Mobile(20) | Square(0) | Desktop(39)
804954: https://images.pexels.com/photos/804954/pexels-photo-804954.jpeg

2020-10-02 13:00:01.172628
Unsplash
category: road
KY7kqdoWn78: https://images.unsplash.com/photo-1590259622324-4c5a29b7db17?ixlib=rb-1.2.1&q=85&fm=jpg&crop=entropy&cs=srgb&ixid=eyJhcHBfaWQiOjE1NTQ4NX0

2020-10-02 14:00:01.780455
Pexels
category: castle
per_page: 33
Mobile(12) | Square(1) | Desktop(20)
64287: https://images.pexels.com/photos/64287/stirling-castle-scotland-stirling-castle-64287.jpeg

2020-10-02 15:00:01.960374
Pexels
category: space
per_page: 26
Mobile(8) | Square(3) | Desktop(15)
134074: https://images.pexels.com/photos/134074/pexels-photo-134074.jpeg

2020-10-02 16:00:02.555533
Pexels
category: mountain
per_page: 47
Mobile(27) | Square(0) | Desktop(20)
949193: https://images.pexels.com/photos/949193/pexels-photo-949193.jpeg

2020-10-02 18:00:03.454526
Pexels
category: travel
per_page: 27
Mobile(15) | Square(0) | Desktop(12)
1058958: https://images.pexels.com/photos/1058958/pexels-photo-1058958.jpeg

2020-10-02 19:00:01.773637
Pexels
category: china
per_page: 11
Mobile(2) | Square(0) | Desktop(9)
745243: https://images.pexels.com/photos/745243/pexels-photo-745243.jpeg

2020-10-02 20:00:01.789627
Unsplash
category: exploration
ar5RPEgId_k: https://images.unsplash.com/photo-1569621852749-9078b04aec0e?ixlib=rb-1.2.1&q=85&fm=jpg&crop=entropy&cs=srgb&ixid=eyJhcHBfaWQiOjE1NTQ4NX0

2020-10-02 21:00:02.162256
Pexels
category: space
per_page: 31
Mobile(9) | Square(4) | Desktop(18)
4355348: https://images.pexels.com/photos/4355348/pexels-photo-4355348.jpeg

2020-10-02 22:00:01.523448
Unsplash
category: sea
b7-X0ie_JBs: https://images.unsplash.com/photo-1562849824-3af22d9dd3c7?ixlib=rb-1.2.1&q=85&fm=jpg&crop=entropy&cs=srgb&ixid=eyJhcHBfaWQiOjE1NTQ4NX0

2020-10-02 23:00:02.530578
Unsplash
category: beach
Dh3nGNU_59w: https://images.unsplash.com/photo-1586178536346-17e3a19a68ed?ixlib=rb-1.2.1&q=85&fm=jpg&crop=entropy&cs=srgb&ixid=eyJhcHBfaWQiOjE1NTQ4NX0

2020-10-03 00:00:01.786520
Pexels
category: lake house
per_page: 75
Mobile(21) | Square(2) | Desktop(52)
3036354: https://images.pexels.com/photos/3036354/pexels-photo-3036354.jpeg

2020-10-03 01:00:01.313822
Pexels
category: switzerland
per_page: 64
Mobile(18) | Square(0) | Desktop(46)
167692: https://images.pexels.com/photos/167692/pexels-photo-167692.jpeg

2020-10-03 02:00:01.712357
Pexels
category: cars
per_page: 36
Mobile(11) | Square(0) | Desktop(25)
2705755: https://images.pexels.com/photos/2705755/pexels-photo-2705755.jpeg

2020-10-03 03:00:01.926521
Pexels
category: paradise
per_page: 66
Mobile(22) | Square(1) | Desktop(43)
1450372: https://images.pexels.com/photos/1450372/pexels-photo-1450372.jpeg

2020-10-03 04:00:01.602192
Unsplash
category: urban
ByGVPtKMtzM: https://images.unsplash.com/photo-1569009635015-37fd61045bac?ixlib=rb-1.2.1&q=85&fm=jpg&crop=entropy&cs=srgb&ixid=eyJhcHBfaWQiOjE1NTQ4NX0

2020-10-03 05:00:01.179601
Pexels
category: forest
per_page: 40
Mobile(16) | Square(1) | Desktop(23)
91228: https://images.pexels.com/photos/91228/pexels-photo-91228.jpeg

2020-10-03 06:00:01.353696
Pexels
category: venice
per_page: 56
Mobile(16) | Square(0) | Desktop(40)
1796733: https://images.pexels.com/photos/1796733/pexels-photo-1796733.jpeg

2020-10-03 07:00:01.845478
Unsplash
category: night
uFdsMOjWX58: https://images.unsplash.com/photo-1548434960-18444d848cc1?ixlib=rb-1.2.1&q=85&fm=jpg&crop=entropy&cs=srgb&ixid=eyJhcHBfaWQiOjE1NTQ4NX0

2020-10-03 08:00:01.953697
Pexels
category: thailand
per_page: 75
Mobile(16) | Square(0) | Desktop(59)
1665722: https://images.pexels.com/photos/1665722/pexels-photo-1665722.jpeg

2020-10-03 09:00:01.809510
Pexels
category: jungle
per_page: 68
Mobile(28) | Square(1) | Desktop(39)
904788: https://images.pexels.com/photos/904788/pexels-photo-904788.jpeg

2020-10-03 10:00:02.015272
Unsplash
category: winter
YuuX9ASDxts: https://images.unsplash.com/photo-1547053379-8285fb8127ba?ixlib=rb-1.2.1&q=85&fm=jpg&crop=entropy&cs=srgb&ixid=eyJhcHBfaWQiOjE1NTQ4NX0

2020-10-03 11:00:01.956356
Pexels
category: abstract
per_page: 33
Mobile(19) | Square(0) | Desktop(14)
2179483: https://images.pexels.com/photos/2179483/pexels-photo-2179483.jpeg

2020-10-03 12:00:01.943134
Unsplash
category: island
7c1uH5IhIGw: https://images.unsplash.com/photo-1581480270200-6e1b607d9412?ixlib=rb-1.2.1&q=85&fm=jpg&crop=entropy&cs=srgb&ixid=eyJhcHBfaWQiOjE1NTQ4NX0

2020-10-03 13:00:01.115018
Pexels
category: winter
per_page: 61
Mobile(5) | Square(0) | Desktop(56)
326240: https://images.pexels.com/photos/326240/pexels-photo-326240.jpeg

2020-10-03 14:00:01.931978
Unsplash
category: switzerland
frkc9sO47Ag: https://images.unsplash.com/photo-1551777995-e47e7ba6d1f0?ixlib=rb-1.2.1&q=85&fm=jpg&crop=entropy&cs=srgb&ixid=eyJhcHBfaWQiOjE1NTQ4NX0

2020-10-03 15:00:01.590175
Pexels
category: sea
per_page: 58
Mobile(36) | Square(0) | Desktop(22)
3330167: https://images.pexels.com/photos/3330167/pexels-photo-3330167.jpeg

2020-10-03 16:00:04.921187
Unsplash
category: snow
E-2MVkOeG44: https://images.unsplash.com/photo-1578594857513-c92d320319d9?ixlib=rb-1.2.1&q=85&fm=jpg&crop=entropy&cs=srgb&ixid=eyJhcHBfaWQiOjE1NTQ4NX0

2020-10-03 17:00:02.242971
Unsplash
category: space
hI27g5LnJKs: https://images.unsplash.com/photo-1531426836240-d0b8beb7ad93?ixlib=rb-1.2.1&q=85&fm=jpg&crop=entropy&cs=srgb&ixid=eyJhcHBfaWQiOjE1NTQ4NX0

2020-10-03 18:00:01.932125
Pexels
category: cabin
per_page: 13
Mobile(3) | Square(0) | Desktop(10)
314937: https://images.pexels.com/photos/314937/pexels-photo-314937.jpeg

2020-10-03 19:00:01.389399
Unsplash
category: cabin
g8AM1lF8PNA: https://images.unsplash.com/photo-1550393601-565e18de6a97?ixlib=rb-1.2.1&q=85&fm=jpg&crop=entropy&cs=srgb&ixid=eyJhcHBfaWQiOjE1NTQ4NX0

2020-10-03 20:00:01.902961
Pexels
category: campfire
per_page: 39
Mobile(21) | Square(1) | Desktop(17)
776113: https://images.pexels.com/photos/776113/pexels-photo-776113.jpeg

2020-10-03 21:00:01.714261
Pexels
category: building
per_page: 41
Mobile(23) | Square(0) | Desktop(18)
162539: https://images.pexels.com/photos/162539/architecture-building-amsterdam-blue-sky-162539.jpeg

2020-10-03 22:00:01.795562
Unsplash
category: snow
dWUOr19-_0I: https://images.unsplash.com/photo-1573735312963-3d91acd3a0df?ixlib=rb-1.2.1&q=85&fm=jpg&crop=entropy&cs=srgb&ixid=eyJhcHBfaWQiOjE1NTQ4NX0

2020-10-03 23:00:01.985508
Pexels
category: ocean
per_page: 43
Mobile(28) | Square(0) | Desktop(15)
4321879: https://images.pexels.com/photos/4321879/pexels-photo-4321879.jpeg

2020-10-04 00:00:01.135223
Pexels
category: outdoors
per_page: 58
Mobile(34) | Square(2) | Desktop(22)
1591305: https://images.pexels.com/photos/1591305/pexels-photo-1591305.jpeg

2020-10-04 01:00:01.338864
Pexels
category: sea
per_page: 36
Mobile(28) | Square(0) | Desktop(8)
1001682: https://images.pexels.com/photos/1001682/pexels-photo-1001682.jpeg

2020-10-04 02:00:01.552776
Pexels
category: china
per_page: 71
Mobile(17) | Square(0) | Desktop(54)
2310872: https://images.pexels.com/photos/2310872/pexels-photo-2310872.jpeg

2020-10-04 03:00:01.323491
Unsplash
category: asia
MXYPpJuAI-M: https://images.unsplash.com/photo-1498524943437-bd806c1592c8?ixlib=rb-1.2.1&q=85&fm=jpg&crop=entropy&cs=srgb&ixid=eyJhcHBfaWQiOjE1NTQ4NX0

2020-10-04 04:00:01.970679
Unsplash
category: cars
m3m-lnR90uM: https://images.unsplash.com/photo-1492144534655-ae79c964c9d7?ixlib=rb-1.2.1&q=85&fm=jpg&crop=entropy&cs=srgb&ixid=eyJhcHBfaWQiOjE1NTQ4NX0

2020-10-04 05:00:01.209049
Unsplash
category: night
vquTmNii_54: https://images.unsplash.com/photo-1532490162-c88bf47a6512?ixlib=rb-1.2.1&q=85&fm=jpg&crop=entropy&cs=srgb&ixid=eyJhcHBfaWQiOjE1NTQ4NX0

2020-10-04 06:00:01.560541
Pexels
category: cottage
per_page: 26
Mobile(8) | Square(1) | Desktop(17)
277672: https://images.pexels.com/photos/277672/pexels-photo-277672.jpeg

2020-10-04 07:00:01.470149
Pexels
category: ruins
per_page: 64
Mobile(33) | Square(0) | Desktop(31)
210448: https://images.pexels.com/photos/210448/pexels-photo-210448.jpeg

2020-10-04 08:00:02.094532
Pexels
category: jungle
per_page: 51
Mobile(23) | Square(0) | Desktop(28)
904788: https://images.pexels.com/photos/904788/pexels-photo-904788.jpeg

2020-10-04 09:00:01.875115
Pexels
category: dock
per_page: 54
Mobile(10) | Square(1) | Desktop(43)
414612: https://images.pexels.com/photos/414612/pexels-photo-414612.jpeg

2020-10-04 10:00:01.521009
Pexels
category: rain
per_page: 10
Mobile(7) | Square(0) | Desktop(3)
2959197: https://images.pexels.com/photos/2959197/pexels-photo-2959197.jpeg

2020-10-04 11:00:01.703043
Pexels
category: forest
per_page: 70
Mobile(23) | Square(1) | Desktop(46)
1112186: https://images.pexels.com/photos/1112186/pexels-photo-1112186.jpeg

2020-10-04 12:00:02.047917
Pexels
category: japan
per_page: 20
Mobile(2) | Square(1) | Desktop(17)
46253: https://images.pexels.com/photos/46253/mt-fuji-sea-of-clouds-sunrise-46253.jpeg

2020-10-04 13:00:01.252740
Unsplash
category: autumn
kVv8AvoKJ7g: https://images.unsplash.com/photo-1477659803863-c1bf91b34c90?ixlib=rb-1.2.1&q=85&fm=jpg&crop=entropy&cs=srgb&ixid=eyJhcHBfaWQiOjE1NTQ4NX0

2020-10-04 14:00:01.902702
Pexels
category: maldives
per_page: 12
Mobile(2) | Square(0) | Desktop(10)
1430677: https://images.pexels.com/photos/1430677/pexels-photo-1430677.jpeg

2020-10-04 15:00:01.825468
Unsplash
category: japan
hU-Xm8tbah0: https://images.unsplash.com/photo-1555573989-14a9017746c3?ixlib=rb-1.2.1&q=85&fm=jpg&crop=entropy&cs=srgb&ixid=eyJhcHBfaWQiOjE1NTQ4NX0

2020-10-04 16:00:01.225637
Pexels
category: cars
per_page: 21
Mobile(7) | Square(0) | Desktop(14)
2811496: https://images.pexels.com/photos/2811496/pexels-photo-2811496.jpeg

2020-10-04 17:00:01.172342
Pexels
category: landscape
per_page: 10
Mobile(5) | Square(0) | Desktop(5)
33688: https://images.pexels.com/photos/33688/delicate-arch-night-stars-landscape.jpg

2020-10-04 18:00:01.711359
Pexels
category: venice
per_page: 16
Mobile(6) | Square(0) | Desktop(10)
970519: https://images.pexels.com/photos/970519/pexels-photo-970519.jpeg

2020-10-04 19:00:01.492338
Pexels
category: building
per_page: 17
Mobile(13) | Square(0) | Desktop(4)
1029615: https://images.pexels.com/photos/1029615/pexels-photo-1029615.jpeg

2020-10-04 20:00:01.736390
Unsplash
category: cottage
WFLhDol92bI: https://images.unsplash.com/photo-1598109512598-3ac374aeff71?ixlib=rb-1.2.1&q=85&fm=jpg&crop=entropy&cs=srgb&ixid=eyJhcHBfaWQiOjE1NTQ4NX0

2020-10-04 21:00:02.478588
Unsplash
category: lighthouse
mBALfrNghc0: https://images.unsplash.com/photo-1539535902429-6270abe3d8ac?ixlib=rb-1.2.1&q=85&fm=jpg&crop=entropy&cs=srgb&ixid=eyJhcHBfaWQiOjE1NTQ4NX0

2020-10-04 22:00:03.033172
Unsplash
category: travel
DNE9iZ1Kqzk: https://images.unsplash.com/photo-1475688621402-4257c812d6db?ixlib=rb-1.2.1&q=85&fm=jpg&crop=entropy&cs=srgb&ixid=eyJhcHBfaWQiOjE1NTQ4NX0

2020-10-04 23:00:04.465773
Unsplash
category: dock
L-zlTFsp-8k: https://images.unsplash.com/photo-1593073227673-c47c3a4b4339?ixlib=rb-1.2.1&q=85&fm=jpg&crop=entropy&cs=srgb&ixid=eyJhcHBfaWQiOjE1NTQ4NX0

2020-10-05 00:52:56.221404
Pexels
category: beach
Traceback (most recent call last):
  File "/usr/local/lib/python3.6/dist-packages/urllib3/connection.py", line 160, in _new_conn
    (self._dns_host, self.port), self.timeout, **extra_kw
  File "/usr/local/lib/python3.6/dist-packages/urllib3/util/connection.py", line 61, in create_connection
    for res in socket.getaddrinfo(host, port, family, socket.SOCK_STREAM):
  File "/usr/lib/python3.6/socket.py", line 745, in getaddrinfo
    for res in _socket.getaddrinfo(host, port, family, type, proto, flags):
socket.gaierror: [Errno -2] Name or service not known

During handling of the above exception, another exception occurred:

Traceback (most recent call last):
  File "/usr/local/lib/python3.6/dist-packages/urllib3/connectionpool.py", line 677, in urlopen
    chunked=chunked,
  File "/usr/local/lib/python3.6/dist-packages/urllib3/connectionpool.py", line 381, in _make_request
    self._validate_conn(conn)
  File "/usr/local/lib/python3.6/dist-packages/urllib3/connectionpool.py", line 976, in _validate_conn
    conn.connect()
  File "/usr/local/lib/python3.6/dist-packages/urllib3/connection.py", line 308, in connect
    conn = self._new_conn()
  File "/usr/local/lib/python3.6/dist-packages/urllib3/connection.py", line 172, in _new_conn
    self, "Failed to establish a new connection: %s" % e
urllib3.exceptions.NewConnectionError: <urllib3.connection.HTTPSConnection object at 0x7f381e28b240>: Failed to establish a new connection: [Errno -2] Name or service not known

During handling of the above exception, another exception occurred:

Traceback (most recent call last):
  File "/usr/local/lib/python3.6/dist-packages/requests/adapters.py", line 449, in send
    timeout=timeout
  File "/usr/local/lib/python3.6/dist-packages/urllib3/connectionpool.py", line 725, in urlopen
    method, url, error=e, _pool=self, _stacktrace=sys.exc_info()[2]
  File "/usr/local/lib/python3.6/dist-packages/urllib3/util/retry.py", line 439, in increment
    raise MaxRetryError(_pool, url, error or ResponseError(cause))
urllib3.exceptions.MaxRetryError: HTTPSConnectionPool(host='api.pexels.com', port=443): Max retries exceeded with url: /v1/search?query=beach&per_page=16 (Caused by NewConnectionError('<urllib3.connection.HTTPSConnection object at 0x7f381e28b240>: Failed to establish a new connection: [Errno -2] Name or service not known',))

During handling of the above exception, another exception occurred:

Traceback (most recent call last):
  File "wallpaper.py", line 15, in <module>
    data = wallpaper_pexels.get_data()
  File "/home/ninkuk/PythonProjects/Wallpaper_Automation/wallpaper_pexels.py", line 22, in get_data
    params=params
  File "/usr/local/lib/python3.6/dist-packages/requests/api.py", line 76, in get
    return request('get', url, params=params, **kwargs)
  File "/usr/local/lib/python3.6/dist-packages/requests/api.py", line 61, in request
    return session.request(method=method, url=url, **kwargs)
  File "/usr/local/lib/python3.6/dist-packages/requests/sessions.py", line 530, in request
    resp = self.send(prep, **send_kwargs)
  File "/usr/local/lib/python3.6/dist-packages/requests/sessions.py", line 643, in send
    r = adapter.send(request, **kwargs)
  File "/usr/local/lib/python3.6/dist-packages/requests/adapters.py", line 516, in send
    raise ConnectionError(e, request=request)
requests.exceptions.ConnectionError: HTTPSConnectionPool(host='api.pexels.com', port=443): Max retries exceeded with url: /v1/search?query=beach&per_page=16 (Caused by NewConnectionError('<urllib3.connection.HTTPSConnection object at 0x7f381e28b240>: Failed to establish a new connection: [Errno -2] Name or service not known',))
2020-10-05 01:00:02.622923
Unsplash
category: forest
jbBR9jbKzwY: https://images.unsplash.com/photo-1534274169235-d8d4447599d3?ixlib=rb-1.2.1&q=85&fm=jpg&crop=entropy&cs=srgb&ixid=eyJhcHBfaWQiOjE1NTQ4NX0

2020-10-05 02:00:02.155312
Unsplash
category: castle
1I6jieVt3Os: https://images.unsplash.com/photo-1588395336632-8e36e7855a30?ixlib=rb-1.2.1&q=85&fm=jpg&crop=entropy&cs=srgb&ixid=eyJhcHBfaWQiOjE1NTQ4NX0

2020-10-05 03:00:02.291602
Unsplash
category: ocean
ZTpH3mNvWro: https://images.unsplash.com/photo-1484201371242-997724e25910?ixlib=rb-1.2.1&q=85&fm=jpg&crop=entropy&cs=srgb&ixid=eyJhcHBfaWQiOjE1NTQ4NX0

2020-10-05 04:00:02.386022
Pexels
category: alps
per_page: 77
Mobile(29) | Square(1) | Desktop(47)
158385: https://images.pexels.com/photos/158385/lake-mcdonald-landscape-panorama-sunset-158385.jpeg

2020-10-05 05:00:01.715923
Pexels
category: sea
per_page: 38
Mobile(29) | Square(0) | Desktop(9)
4666750: https://images.pexels.com/photos/4666750/pexels-photo-4666750.jpeg

2020-10-05 06:00:01.756898
Pexels
category: trees
per_page: 33
Mobile(19) | Square(0) | Desktop(14)
1683974: https://images.pexels.com/photos/1683974/pexels-photo-1683974.jpeg

2020-10-05 07:00:02.199024
Unsplash
category: cars
dcnlUh4ZUkY: https://images.unsplash.com/photo-1512934618676-285ad42c23f5?ixlib=rb-1.2.1&q=85&fm=jpg&crop=entropy&cs=srgb&ixid=eyJhcHBfaWQiOjE1NTQ4NX0

2020-10-05 08:00:52.016331
Unsplash
category: cabin
VXrLHMVRwNI: https://images.unsplash.com/photo-1510024664076-755eb2af2245?ixlib=rb-1.2.1&q=85&fm=jpg&crop=entropy&cs=srgb&ixid=eyJhcHBfaWQiOjE1NTQ4NX0

2020-10-05 09:16:40.601655
Unsplash
category: city
jQteagM9KEo: https://images.unsplash.com/photo-1551010457-3cdd802dfa3c?ixlib=rb-1.2.1&q=85&fm=jpg&crop=entropy&cs=srgb&ixid=eyJhcHBfaWQiOjE1NTQ4NX0

2020-10-05 10:00:02.124973
Unsplash
category: asia
68x6k3anCHg: https://images.unsplash.com/photo-1589136642171-451f17899d63?ixlib=rb-1.2.1&q=85&fm=jpg&crop=entropy&cs=srgb&ixid=eyJhcHBfaWQiOjE1NTQ4NX0

2020-10-05 12:00:03.040073
Unsplash
category: castle
2oCUbPa6v4E: https://images.unsplash.com/photo-1540038000887-f1e5dde1a037?ixlib=rb-1.2.1&q=85&fm=jpg&crop=entropy&cs=srgb&ixid=eyJhcHBfaWQiOjE1NTQ4NX0

2020-10-05 13:00:02.318692
Pexels
category: mountain
per_page: 80
Mobile(38) | Square(0) | Desktop(42)
372098: https://images.pexels.com/photos/372098/pexels-photo-372098.jpeg

2020-10-05 14:00:01.408832
Unsplash
category: beach
vw7U8SW8xJk: https://images.unsplash.com/photo-1593205325145-74ef377bd0b1?ixlib=rb-1.2.1&q=85&fm=jpg&crop=entropy&cs=srgb&ixid=eyJhcHBfaWQiOjE1NTQ4NX0

2020-10-05 15:00:01.733902
Pexels
category: beach
per_page: 37
Mobile(28) | Square(0) | Desktop(9)
1174732: https://images.pexels.com/photos/1174732/pexels-photo-1174732.jpeg

2020-10-05 16:00:01.680688
Unsplash
category: china
w7lIbEtmE9c: https://images.unsplash.com/photo-1530451918823-b2c35b34f7e6?ixlib=rb-1.2.1&q=85&fm=jpg&crop=entropy&cs=srgb&ixid=eyJhcHBfaWQiOjE1NTQ4NX0

2020-10-05 17:00:01.284028
Pexels
category: sky
per_page: 45
Mobile(36) | Square(0) | Desktop(9)
2762179: https://images.pexels.com/photos/2762179/pexels-photo-2762179.jpeg

2020-10-05 18:00:01.932092
Unsplash
category: italy
x7sWyTjPPgk: https://images.unsplash.com/photo-1554072674-d044ac975436?ixlib=rb-1.2.1&q=85&fm=jpg&crop=entropy&cs=srgb&ixid=eyJhcHBfaWQiOjE1NTQ4NX0

2020-10-05 19:00:01.323924
Unsplash
category: space
U0JElRz8Y1Q: https://images.unsplash.com/photo-1562896642-6c464bf35fb8?ixlib=rb-1.2.1&q=85&fm=jpg&crop=entropy&cs=srgb&ixid=eyJhcHBfaWQiOjE1NTQ4NX0

2020-10-05 20:00:02.044456
Unsplash
category: sea
BiMh2GTrRdc: https://images.unsplash.com/photo-1593550384710-549fbf4befa4?ixlib=rb-1.2.1&q=85&fm=jpg&crop=entropy&cs=srgb&ixid=eyJhcHBfaWQiOjE1NTQ4NX0

2020-10-05 21:00:01.731296
Unsplash
category: cottage
he47bDllJAE: https://images.unsplash.com/photo-1593006525478-f6997e240225?ixlib=rb-1.2.1&q=85&fm=jpg&crop=entropy&cs=srgb&ixid=eyJhcHBfaWQiOjE1NTQ4NX0

2020-10-05 22:00:01.492008
Pexels
category: japan
per_page: 18
Mobile(1) | Square(1) | Desktop(16)
1822605: https://images.pexels.com/photos/1822605/pexels-photo-1822605.jpeg

2020-10-05 23:00:04.309954
Pexels
category: street
per_page: 63
Mobile(19) | Square(1) | Desktop(43)
315191: https://images.pexels.com/photos/315191/pexels-photo-315191.jpeg

2020-10-06 00:00:01.127243
Unsplash
category: greece
CcOm7ksdvkQ: https://images.unsplash.com/photo-1586930957039-290bcd6b0451?ixlib=rb-1.2.1&q=85&fm=jpg&crop=entropy&cs=srgb&ixid=eyJhcHBfaWQiOjE1NTQ4NX0

2020-10-06 01:00:01.794822
Unsplash
category: alps
F9o9PEx7MAQ: https://images.unsplash.com/photo-1494320325632-83ccebcf25bd?ixlib=rb-1.2.1&q=85&fm=jpg&crop=entropy&cs=srgb&ixid=eyJhcHBfaWQiOjE1NTQ4NX0

2020-10-06 02:00:01.406705
Pexels
category: lake house
per_page: 15
Mobile(5) | Square(0) | Desktop(10)
3036354: https://images.pexels.com/photos/3036354/pexels-photo-3036354.jpeg

2020-10-06 03:00:01.159782
Pexels
category: sakura
per_page: 53
Mobile(15) | Square(0) | Desktop(38)
1005168: https://images.pexels.com/photos/1005168/pexels-photo-1005168.jpeg

2020-10-06 04:00:01.374404
Unsplash
category: road
4T3l7L_GP_Y: https://images.unsplash.com/photo-1592141886048-2a2e7e2c1e2a?ixlib=rb-1.2.1&q=85&fm=jpg&crop=entropy&cs=srgb&ixid=eyJhcHBfaWQiOjE1NTQ4NX0

2020-10-06 05:00:02.037500
Unsplash
category: maldives
C_mPwt5mMyc: https://images.unsplash.com/photo-1544551763-808e05e86c26?ixlib=rb-1.2.1&q=85&fm=jpg&crop=entropy&cs=srgb&ixid=eyJhcHBfaWQiOjE1NTQ4NX0

2020-10-06 06:00:02.113226
Unsplash
category: bonfire
s1BiespuJ1w: https://images.unsplash.com/photo-1575300823822-1b5c30fd9932?ixlib=rb-1.2.1&q=85&fm=jpg&crop=entropy&cs=srgb&ixid=eyJhcHBfaWQiOjE1NTQ4NX0

2020-10-06 07:00:01.195416
Pexels
category: cabin
per_page: 23
Mobile(6) | Square(0) | Desktop(17)
279857: https://images.pexels.com/photos/279857/pexels-photo-279857.jpeg

2020-10-06 08:00:01.467672
Unsplash
category: urban
mkDpDzHWoII: https://images.unsplash.com/photo-1563966230080-acb6b9bb12df?ixlib=rb-1.2.1&q=85&fm=jpg&crop=entropy&cs=srgb&ixid=eyJhcHBfaWQiOjE1NTQ4NX0

2020-10-06 09:00:02.023740
Pexels
category: autumn
per_page: 47
Mobile(38) | Square(0) | Desktop(9)
3356685: https://images.pexels.com/photos/3356685/pexels-photo-3356685.jpeg

2020-10-06 10:00:01.833379
Unsplash
category: road
xduUyziugkA: https://images.unsplash.com/photo-1581534104085-003c7da08f7f?ixlib=rb-1.2.1&q=85&fm=jpg&crop=entropy&cs=srgb&ixid=eyJhcHBfaWQiOjE1NTQ4NX0

2020-10-06 11:00:01.589533
Unsplash
category: tropical
6URTb8FAfU4: https://images.unsplash.com/photo-1581521802112-29e992fe3e55?ixlib=rb-1.2.1&q=85&fm=jpg&crop=entropy&cs=srgb&ixid=eyJhcHBfaWQiOjE1NTQ4NX0

2020-10-06 12:00:03.100059
Unsplash
category: aerial
zS4lUqLEiNA: https://images.unsplash.com/photo-1508233620467-f79f1e317a05?ixlib=rb-1.2.1&q=85&fm=jpg&crop=entropy&cs=srgb&ixid=eyJhcHBfaWQiOjE1NTQ4NX0

2020-10-06 13:00:01.856428
Unsplash
category: landscape
0p_1pEqvhV0: https://images.unsplash.com/photo-1551053565-78ee218cda1c?ixlib=rb-1.2.1&q=85&fm=jpg&crop=entropy&cs=srgb&ixid=eyJhcHBfaWQiOjE1NTQ4NX0

2020-10-06 14:00:01.329359
Unsplash
category: lake house
0_KPFfAoylI: https://images.unsplash.com/photo-1542441320-ce05288b61ed?ixlib=rb-1.2.1&q=85&fm=jpg&crop=entropy&cs=srgb&ixid=eyJhcHBfaWQiOjE1NTQ4NX0

2020-10-06 15:00:02.547787
Unsplash
category: ocean
4UfCRXv_tGM: https://images.unsplash.com/photo-1470743026051-a9b361e95cb1?ixlib=rb-1.2.1&q=85&fm=jpg&crop=entropy&cs=srgb&ixid=eyJhcHBfaWQiOjE1NTQ4NX0

2020-10-06 16:00:01.834016
Unsplash
category: outdoors
S8b1CEGWuGo: https://images.unsplash.com/photo-1593511594150-a0dce5af4154?ixlib=rb-1.2.1&q=85&fm=jpg&crop=entropy&cs=srgb&ixid=eyJhcHBfaWQiOjE1NTQ4NX0

2020-10-06 17:00:02.098821
Pexels
category: island
per_page: 30
Mobile(7) | Square(0) | Desktop(23)
870711: https://images.pexels.com/photos/870711/pexels-photo-870711.jpeg

2020-10-06 18:00:01.762559
Pexels
category: maldives
per_page: 32
Mobile(3) | Square(0) | Desktop(29)
1024960: https://images.pexels.com/photos/1024960/pexels-photo-1024960.jpeg

2020-10-06 19:00:01.541780
Pexels
category: fog
per_page: 60
Mobile(23) | Square(0) | Desktop(37)
395198: https://images.pexels.com/photos/395198/pexels-photo-395198.jpeg

2020-10-06 20:00:01.530647
Pexels
category: snow
per_page: 36
Mobile(8) | Square(0) | Desktop(28)
325139: https://images.pexels.com/photos/325139/pexels-photo-325139.jpeg

2020-10-06 21:00:01.715106
Pexels
category: drone
per_page: 28
Mobile(16) | Square(1) | Desktop(11)
2454516: https://images.pexels.com/photos/2454516/pexels-photo-2454516.jpeg

2020-10-06 22:00:01.731478
Pexels
category: italy
per_page: 70
Mobile(24) | Square(0) | Desktop(46)
981686: https://images.pexels.com/photos/981686/pexels-photo-981686.jpeg

2020-10-06 23:00:01.502590
Pexels
category: exploration
per_page: 56
Mobile(29) | Square(1) | Desktop(26)
207529: https://images.pexels.com/photos/207529/pexels-photo-207529.jpeg

2020-10-07 00:00:01.551406
Pexels
category: venice
per_page: 58
Mobile(17) | Square(0) | Desktop(41)
1144265: https://images.pexels.com/photos/1144265/pexels-photo-1144265.jpeg

2020-10-07 01:00:02.154589
Unsplash
category: ocean
tlXU5cvXcQw: https://images.unsplash.com/photo-1560557749-a966ed13a825?ixlib=rb-1.2.1&q=85&fm=jpg&crop=entropy&cs=srgb&ixid=eyJhcHBfaWQiOjE1NTQ4NX0

2020-10-07 02:00:01.949262
Unsplash
category: bonfire
61UdQX2eRnM: https://images.unsplash.com/photo-1593305288938-dbc9858c1425?ixlib=rb-1.2.1&q=85&fm=jpg&crop=entropy&cs=srgb&ixid=eyJhcHBfaWQiOjE1NTQ4NX0

2020-10-07 03:00:01.297683
Unsplash
category: exploration
9tnDzOQYb2o: https://images.unsplash.com/photo-1576666718705-aac918c36350?ixlib=rb-1.2.1&q=85&fm=jpg&crop=entropy&cs=srgb&ixid=eyJhcHBfaWQiOjE1NTQ4NX0

2020-10-07 04:00:01.856913
Unsplash
category: jungle
f8yGfaDA6OE: https://images.unsplash.com/photo-1500109110141-8416bc298a25?ixlib=rb-1.2.1&q=85&fm=jpg&crop=entropy&cs=srgb&ixid=eyJhcHBfaWQiOjE1NTQ4NX0

2020-10-07 05:00:01.218416
Unsplash
category: urban
obbgBP7rBcQ: https://images.unsplash.com/photo-1586120901556-c87c4ad757d4?ixlib=rb-1.2.1&q=85&fm=jpg&crop=entropy&cs=srgb&ixid=eyJhcHBfaWQiOjE1NTQ4NX0

2020-10-07 06:00:01.610383
Pexels
category: campfire
per_page: 15
Mobile(10) | Square(0) | Desktop(5)
1061640: https://images.pexels.com/photos/1061640/pexels-photo-1061640.jpeg

2020-10-07 07:00:01.822915
Pexels
category: sea
per_page: 18
Mobile(14) | Square(0) | Desktop(4)
3608311: https://images.pexels.com/photos/3608311/pexels-photo-3608311.jpeg

2020-10-07 08:00:01.446849
Unsplash
category: sakura
trpCiAVFuPM: https://images.unsplash.com/photo-1593817181299-73486c398279?ixlib=rb-1.2.1&q=85&fm=jpg&crop=entropy&cs=srgb&ixid=eyJhcHBfaWQiOjE1NTQ4NX0

2020-10-07 09:00:01.668958
Unsplash
category: sky
hshMhVzRab4: https://images.unsplash.com/photo-1594670727730-155b54055804?ixlib=rb-1.2.1&q=85&fm=jpg&crop=entropy&cs=srgb&ixid=eyJhcHBfaWQiOjE1NTQ4NX0

2020-10-07 10:00:01.993249
Pexels
category: forest
per_page: 34
Mobile(13) | Square(1) | Desktop(20)
1567058: https://images.pexels.com/photos/1567058/pexels-photo-1567058.jpeg

2020-10-07 11:00:01.981656
Unsplash
category: exploration
P8fPtl5u8Jc: https://images.unsplash.com/photo-1577895096349-7ed8aba94ac7?ixlib=rb-1.2.1&q=85&fm=jpg&crop=entropy&cs=srgb&ixid=eyJhcHBfaWQiOjE1NTQ4NX0

2020-10-07 12:00:01.796140
Pexels
category: road
per_page: 44
Mobile(27) | Square(0) | Desktop(17)
1094545: https://images.pexels.com/photos/1094545/pexels-photo-1094545.jpeg

2020-10-07 13:00:01.967868
Pexels
category: castle
per_page: 13
Mobile(5) | Square(0) | Desktop(8)
404313: https://images.pexels.com/photos/404313/pexels-photo-404313.jpeg

2020-10-07 14:00:01.588791
Pexels
category: jungle
per_page: 12
Mobile(6) | Square(0) | Desktop(6)
1671324: https://images.pexels.com/photos/1671324/pexels-photo-1671324.jpeg

2020-10-07 15:00:01.380515
Unsplash
category: abstract
nduWKPro0IY: https://images.unsplash.com/photo-1580450090792-5443264f4df2?ixlib=rb-1.2.1&q=85&fm=jpg&crop=entropy&cs=srgb&ixid=eyJhcHBfaWQiOjE1NTQ4NX0

2020-10-07 16:00:01.769351
Unsplash
category: travel
M5xVtIv1Lo8: https://images.unsplash.com/photo-1418854982207-12f710b74003?ixlib=rb-1.2.1&q=85&fm=jpg&crop=entropy&cs=srgb&ixid=eyJhcHBfaWQiOjE1NTQ4NX0

2020-10-07 17:00:01.303905
Pexels
category: trees
per_page: 52
Mobile(23) | Square(0) | Desktop(29)
589802: https://images.pexels.com/photos/589802/pexels-photo-589802.jpeg

2020-10-07 18:00:01.560948
Unsplash
category: paradise
Gk2y_5RzQUE: https://images.unsplash.com/photo-1566647610054-3841dc0d9abc?ixlib=rb-1.2.1&q=85&fm=jpg&crop=entropy&cs=srgb&ixid=eyJhcHBfaWQiOjE1NTQ4NX0

2020-10-07 19:00:01.986577
Pexels
category: italy
per_page: 64
Mobile(21) | Square(0) | Desktop(43)
629142: https://images.pexels.com/photos/629142/pexels-photo-629142.jpeg

2020-10-07 20:00:01.905234
Pexels
category: thailand
per_page: 51
Mobile(8) | Square(0) | Desktop(43)
733046: https://images.pexels.com/photos/733046/pexels-photo-733046.jpeg

2020-10-07 21:00:02.085811
Unsplash
category: autumn
XdbUsFkAwqA: https://images.unsplash.com/photo-1508662072197-438d38a81a97?ixlib=rb-1.2.1&q=85&fm=jpg&crop=entropy&cs=srgb&ixid=eyJhcHBfaWQiOjE1NTQ4NX0

2020-10-07 22:00:01.616576
Unsplash
category: cottage
-GfWPH4C8j8: https://images.unsplash.com/photo-1592657530488-238b48fafb64?ixlib=rb-1.2.1&q=85&fm=jpg&crop=entropy&cs=srgb&ixid=eyJhcHBfaWQiOjE1NTQ4NX0

2020-10-07 23:00:01.172878
Unsplash
category: autumn
rsGPpnuLEc4: https://images.unsplash.com/photo-1475154344886-9d791b8ebeb9?ixlib=rb-1.2.1&q=85&fm=jpg&crop=entropy&cs=srgb&ixid=eyJhcHBfaWQiOjE1NTQ4NX0

2020-10-08 00:00:01.373245
Pexels
category: alps
per_page: 16
Mobile(4) | Square(0) | Desktop(12)
547114: https://images.pexels.com/photos/547114/pexels-photo-547114.jpeg

2020-10-08 01:00:01.735945
Pexels
category: bonfire
per_page: 28
Mobile(15) | Square(1) | Desktop(12)
2422968: https://images.pexels.com/photos/2422968/pexels-photo-2422968.jpeg

2020-10-08 02:00:01.904321
Pexels
category: alps
per_page: 35
Mobile(8) | Square(1) | Desktop(26)
1298533: https://images.pexels.com/photos/1298533/pexels-photo-1298533.jpeg

2020-10-08 03:00:02.077458
Unsplash
category: landscape
1pqQhZZunrc: https://images.unsplash.com/photo-1581468903532-d1163b7dd9af?ixlib=rb-1.2.1&q=85&fm=jpg&crop=entropy&cs=srgb&ixid=eyJhcHBfaWQiOjE1NTQ4NX0

2020-10-08 04:00:01.453175
Pexels
category: abstract
per_page: 69
Mobile(34) | Square(0) | Desktop(35)
2387532: https://images.pexels.com/photos/2387532/pexels-photo-2387532.jpeg

2020-10-08 05:00:01.462482
Pexels
category: austria
per_page: 69
Mobile(20) | Square(4) | Desktop(45)
4593: https://images.pexels.com/photos/4593/road-mountains-clouds-street.jpg

2020-10-08 06:00:02.025936
Unsplash
category: nature
gUidFWrdJJs: https://images.unsplash.com/photo-1414170433982-d4f97ca9d277?ixlib=rb-1.2.1&q=85&fm=jpg&crop=entropy&cs=srgb&ixid=eyJhcHBfaWQiOjE1NTQ4NX0

2020-10-08 07:00:01.462840
Unsplash
category: road
zQjQaEiAafk: https://images.unsplash.com/photo-1465131302903-b8c3eb717fe2?ixlib=rb-1.2.1&q=85&fm=jpg&crop=entropy&cs=srgb&ixid=eyJhcHBfaWQiOjE1NTQ4NX0

2020-10-08 08:00:01.139706
Pexels
category: lighthouse
per_page: 48
Mobile(21) | Square(0) | Desktop(27)
510848: https://images.pexels.com/photos/510848/pexels-photo-510848.jpeg

2020-10-08 09:00:01.144162
Pexels
category: lighthouse
per_page: 28
Mobile(13) | Square(0) | Desktop(15)
845254: https://images.pexels.com/photos/845254/pexels-photo-845254.jpeg

2020-10-08 10:00:01.238430
Pexels
category: china
per_page: 29
Mobile(6) | Square(0) | Desktop(23)
2915957: https://images.pexels.com/photos/2915957/pexels-photo-2915957.jpeg

2020-10-08 11:00:01.643227
Unsplash
category: italy
clFwfode_pE: https://images.unsplash.com/photo-1558277863-1c12750cd07f?ixlib=rb-1.2.1&q=85&fm=jpg&crop=entropy&cs=srgb&ixid=eyJhcHBfaWQiOjE1NTQ4NX0

2020-10-08 12:00:02.060024
Unsplash
category: space
5PF6zivbwnE: https://images.unsplash.com/photo-1555601402-f5ff634777b4?ixlib=rb-1.2.1&q=85&fm=jpg&crop=entropy&cs=srgb&ixid=eyJhcHBfaWQiOjE1NTQ4NX0

2020-10-08 13:00:01.154761
Unsplash
category: autumn
HUiNRjXr-bQ: https://images.unsplash.com/photo-1507783548227-544c3b8fc065?ixlib=rb-1.2.1&q=85&fm=jpg&crop=entropy&cs=srgb&ixid=eyJhcHBfaWQiOjE1NTQ4NX0

2020-10-08 14:00:01.197779
Pexels
category: urban
per_page: 13
Mobile(6) | Square(0) | Desktop(7)
417023: https://images.pexels.com/photos/417023/pexels-photo-417023.jpeg

2020-10-08 15:00:01.322015
Pexels
category: sea
per_page: 28
Mobile(24) | Square(0) | Desktop(4)
3608311: https://images.pexels.com/photos/3608311/pexels-photo-3608311.jpeg

2020-10-08 16:00:01.436349
Unsplash
category: castle
s36bvnL8ny4: https://images.unsplash.com/photo-1589918739142-e16154a416ea?ixlib=rb-1.2.1&q=85&fm=jpg&crop=entropy&cs=srgb&ixid=eyJhcHBfaWQiOjE1NTQ4NX0

2020-10-08 17:00:01.901749
Pexels
category: building
per_page: 69
Mobile(31) | Square(0) | Desktop(38)
136419: https://images.pexels.com/photos/136419/pexels-photo-136419.jpeg

2020-10-08 18:00:02.297134
Pexels
category: cottage
per_page: 33
Mobile(12) | Square(1) | Desktop(20)
3768136: https://images.pexels.com/photos/3768136/pexels-photo-3768136.jpeg

2020-10-08 19:00:01.917591
Pexels
category: road
per_page: 21
Mobile(14) | Square(0) | Desktop(7)
3635300: https://images.pexels.com/photos/3635300/pexels-photo-3635300.jpeg

